[debug] [2018-08-13T03:41:52.687Z] ----------------------------------------------------------------------
[debug] [2018-08-13T03:41:52.687Z] Command:       C:\Program Files\nodejs\node.exe C:\Users\USER\AppData\Roaming\npm\node_modules\firebase-tools\bin\firebase init
[debug] [2018-08-13T03:41:52.687Z] CLI Version:   3.19.3
[debug] [2018-08-13T03:41:52.687Z] Platform:      win32
[debug] [2018-08-13T03:41:52.687Z] Node Version:  v8.11.3
[debug] [2018-08-13T03:41:52.687Z] Time:          Sun Aug 12 2018 20:41:52 GMT-0700 (Pacific Daylight Time)
[debug] [2018-08-13T03:41:52.687Z] ----------------------------------------------------------------------
[debug] 
[debug] [2018-08-13T03:41:52.703Z] > command requires scopes: ["email","openid","https://www.googleapis.com/auth/cloudplatformprojects.readonly","https://www.googleapis.com/auth/firebase"]
[debug] [2018-08-13T03:41:52.718Z] > authorizing via signed-in user
[info] 
     ######## #### ########  ######## ########     ###     ######  ########
     ##        ##  ##     ## ##       ##     ##  ##   ##  ##       ##
     ######    ##  ########  ######   ########  #########  ######  ######
     ##        ##  ##    ##  ##       ##     ## ##     ##       ## ##
     ##       #### ##     ## ######## ########  ##     ##  ######  ########

You're about to initialize a Firebase project in this directory:

  C:\Users\USER

Before we get started, keep in mind:

  * You are initializing in an existing Firebase project directory

